<?xml version="1.0" encoding="UTF-8"?>
<testng-results skipped="0" failed="0" ignored="0" total="2" passed="2">
  <reporter-output>
  </reporter-output>
  <suite name="Default suite" duration-ms="56710" started-at="2021-02-12T09:52:55 IST" finished-at="2021-02-12T09:53:52 IST">
    <groups>
    </groups>
    <test name="Default test" duration-ms="56710" started-at="2021-02-12T09:52:55 IST" finished-at="2021-02-12T09:53:52 IST">
      <class name="vtiger_crm_pomclass.Loginpage">
        <test-method status="PASS" signature="openBrowser()[pri:0, instance:vtiger_crm_pomclass.Loginpage@77f99a05]" name="openBrowser" duration-ms="4701" started-at="2021-02-12T09:52:55 IST" finished-at="2021-02-12T09:53:00 IST">
          <reporter-output>
          </reporter-output>
        </test-method> <!-- openBrowser -->
        <test-method status="PASS" signature="login()[pri:0, instance:vtiger_crm_pomclass.Loginpage@77f99a05]" name="login" duration-ms="51976" started-at="2021-02-12T09:53:00 IST" finished-at="2021-02-12T09:53:52 IST">
          <reporter-output>
          </reporter-output>
        </test-method> <!-- login -->
      </class> <!-- vtiger_crm_pomclass.Loginpage -->
    </test> <!-- Default test -->
  </suite> <!-- Default suite -->
</testng-results>
